<?xml version="1.0" encoding="UTF-8"?>
<testsuite xmlns:xsi="http://www.w3.org/2001/XMLSchema-instance" xsi:noNamespaceSchemaLocation="https://maven.apache.org/surefire/maven-surefire-plugin/xsd/surefire-test-report-3.0.xsd" version="3.0" name="com.netflix.demo.AppTest" time="0.076" tests="4" errors="0" skipped="0" failures="0">
  <properties>
[...]
</properties>
  <testcase name="testGreetingNoName" classname="com.netflix.demo.AppTest" time="0.032"/>
  <testcase name="testGreetingWithName" classname="com.netflix.demo.AppTest" time="0.002"/>
  <testcase name="testBasicPlan" classname="com.netflix.demo.AppTest" time="0.001"/>
  <testcase name="testPremiumPlan" classname="com.netflix.demo.AppTest" time="0.001"/>
</testsuite>